#
# There is insufficient memory for the Java Runtime Environment to continue.
# Native memory allocation (mmap) failed to map 2064384 bytes for G1 virtual space
# Possible reasons:
#   The system is out of physical RAM or swap space
#   The process is running with CompressedOops enabled, and the Java Heap may be blocking the growth of the native heap
# Possible solutions:
#   Reduce memory load on the system
#   Increase physical memory or swap space
#   Check if swap backing store is full
#   Decrease Java heap size (-Xmx/-Xms)
#   Decrease number of Java threads
#   Decrease Java thread stack sizes (-Xss)
#   Set larger code cache with -XX:ReservedCodeCacheSize=
#   JVM is running with Unscaled Compressed Oops mode in which the Java heap is
#     placed in the first 4GB address space. The Java Heap base address is the
#     maximum limit for the native heap growth. Please use -XX:HeapBaseMinAddress
#     to set the Java Heap base and to place the Java Heap above 4GB virtual address.
# This output file may be truncated or incomplete.
#
#  Out of Memory Error (os_windows.cpp:3600), pid=19076, tid=23408
#
# JRE version:  (21.0+35) (build )
# Java VM: Java HotSpot(TM) 64-Bit Server VM (21+35-LTS-2513, mixed mode, sharing, tiered, compressed oops, compressed class ptrs, g1 gc, windows-amd64)
# No core dump will be written. Minidumps are not enabled by default on client versions of Windows
#

---------------  S U M M A R Y ------------

Command Line: -Dfile.encoding=UTF-8 -Dstdout.encoding=UTF-8 -Dstderr.encoding=UTF-8 -XX:+ShowCodeDetailsInExceptionMessages RentadoraConsola.Consola

Host: Intel(R) Core(TM) i5-8265U CPU @ 1.60GHz, 8 cores, 7G,  Windows 11 , 64 bit Build 22621 (10.0.22621.2428)
Time: Sun Oct 22 18:23:45 2023 Hora est. Pacífico, Sudamérica elapsed time: 0.031642 seconds (0d 0h 0m 0s)

---------------  T H R E A D  ---------------

Current thread (0x0000027299638070):  JavaThread "Unknown thread" [_thread_in_vm, id=23408, stack(0x000000a9db100000,0x000000a9db200000) (1024K)]

Stack: [0x000000a9db100000,0x000000a9db200000]
Native frames: (J=compiled Java code, j=interpreted, Vv=VM code, C=native code)
V  [jvm.dll+0x6c8d39]
V  [jvm.dll+0x854091]
V  [jvm.dll+0x85630e]
V  [jvm.dll+0x8569e3]
V  [jvm.dll+0x2809a6]
V  [jvm.dll+0x6c5425]
V  [jvm.dll+0x6b9e1a]
V  [jvm.dll+0x3555ba]
V  [jvm.dll+0x35d206]
V  [jvm.dll+0x3adf83]
V  [jvm.dll+0x3ae218]
V  [jvm.dll+0x328fcc]
V  [jvm.dll+0x329b5b]
V  [jvm.dll+0x81c699]
V  [jvm.dll+0x3bb2a1]
V  [jvm.dll+0x805688]
V  [jvm.dll+0x44ed9e]
V  [jvm.dll+0x4506a1]
C  [jli.dll+0x52a3]
C  [ucrtbase.dll+0x29363]
C  [KERNEL32.DLL+0x1257d]
C  [ntdll.dll+0x5aa78]


---------------  P R O C E S S  ---------------

Threads class SMR info:
_java_thread_list=0x00007ffd6a287b48, length=0, elements={
}

Java Threads: ( => current thread )
Total: 0

Other Threads:
  0x00000272997b2920 WorkerThread "GC Thread#0"                     [id=22716, stack(0x000000a9db200000,0x000000a9db300000) (1024K)]
  0x00000272997c3290 ConcurrentGCThread "G1 Main Marker"            [id=976, stack(0x000000a9db300000,0x000000a9db400000) (1024K)]
  0x00000272997c3ca0 WorkerThread "G1 Conc#0"                       [id=2348, stack(0x000000a9db400000,0x000000a9db500000) (1024K)]

[error occurred during error reporting (printing all threads), id 0xc0000005, EXCEPTION_ACCESS_VIOLATION (0xc0000005) at pc=0x00007ffd699fc097]
VM state: not at safepoint (not fully initialized)

VM Mutex/Monitor currently owned by a thread:  ([mutex/lock_event])
[0x00007ffd6a2f8648] Heap_lock - owner thread: 0x0000027299638070

Heap address: 0x0000000082c00000, size: 2004 MB, Compressed Oops mode: 32-bit

CDS archive(s) mapped at: [0x0000000000000000-0x0000000000000000-0x0000000000000000), size 0, SharedBaseAddress: 0x0000000800000000, ArchiveRelocationMode: 1.
Narrow klass base: 0x0000000000000000, Narrow klass shift: 0, Narrow klass range: 0x0

GC Precious Log:
 CardTable entry size: 512
 Card Set container configuration: InlinePtr #cards 5 size 8 Array Of Cards #cards 12 size 40 Howl #buckets 4 coarsen threshold 1843 Howl Bitmap #cards 512 size 80 coarsen threshold 460 Card regions per heap region 1 cards per card region 2048

Heap:
 garbage-first heap   total 0K, used 0K [0x0000000082c00000, 0x0000000100000000)
  region size 1024K, 0 young (0K), 0 survivors (0K)

[error occurred during error reporting (printing heap information), id 0xc0000005, EXCEPTION_ACCESS_VIOLATION (0xc0000005) at pc=0x00007ffd69de1939]
GC Heap History (0 events):
No events

Dll operation events (1 events):
Event: 0.023 Loaded shared library C:\Program Files\Java\jdk-21\bin\java.dll

Deoptimization events (0 events):
No events

Classes loaded (0 events):
No events

Classes unloaded (0 events):
No events

Classes redefined (0 events):
No events

Internal exceptions (0 events):
No events

ZGC Phase Switch (0 events):
No events

VM Operations (0 events):
No events

Events (0 events):
No events


Dynamic libraries:
0x00007ff74cd60000 - 0x00007ff74cd70000 	C:\Program Files\Java\jdk-21\bin\javaw.exe
0x00007ffdda3d0000 - 0x00007ffdda5e7000 	C:\Windows\SYSTEM32\ntdll.dll
0x00007ffdd9530000 - 0x00007ffdd95f4000 	C:\Windows\System32\KERNEL32.DLL
0x00007ffdd7750000 - 0x00007ffdd7af6000 	C:\Windows\System32\KERNELBASE.dll
0x00007ffdd7dd0000 - 0x00007ffdd7ee1000 	C:\Windows\System32\ucrtbase.dll
0x00007ffdbd760000 - 0x00007ffdbd779000 	C:\Program Files\Java\jdk-21\bin\jli.dll
0x00007ffdd8130000 - 0x00007ffdd81e0000 	C:\Windows\System32\ADVAPI32.dll
0x00007ffdd9350000 - 0x00007ffdd93f7000 	C:\Windows\System32\msvcrt.dll
0x00007ffdd8d00000 - 0x00007ffdd8da6000 	C:\Windows\System32\sechost.dll
0x00007ffdd9230000 - 0x00007ffdd9347000 	C:\Windows\System32\RPCRT4.dll
0x00007ffdda070000 - 0x00007ffdda21d000 	C:\Windows\System32\USER32.dll
0x00007ffdd7b00000 - 0x00007ffdd7b26000 	C:\Windows\System32\win32u.dll
0x00007ffdd9400000 - 0x00007ffdd9429000 	C:\Windows\System32\GDI32.dll
0x00007ffdd7f70000 - 0x00007ffdd8088000 	C:\Windows\System32\gdi32full.dll
0x00007ffdd8090000 - 0x00007ffdd812a000 	C:\Windows\System32\msvcp_win.dll
0x00007ffdb1620000 - 0x00007ffdb18b3000 	C:\Windows\WinSxS\amd64_microsoft.windows.common-controls_6595b64144ccf1df_6.0.22621.2361_none_2712ced57382f843\COMCTL32.dll
0x00007ffdcec10000 - 0x00007ffdcec1a000 	C:\Windows\SYSTEM32\VERSION.dll
0x00007ffdbd7a0000 - 0x00007ffdbd7bb000 	C:\Program Files\Java\jdk-21\bin\VCRUNTIME140.dll
0x00007ffdd8ba0000 - 0x00007ffdd8bd1000 	C:\Windows\System32\IMM32.DLL
0x00007ffdd4a80000 - 0x00007ffdd4a8c000 	C:\Program Files\Java\jdk-21\bin\vcruntime140_1.dll
0x00007ffdad8d0000 - 0x00007ffdad95e000 	C:\Program Files\Java\jdk-21\bin\msvcp140.dll
0x00007ffd696c0000 - 0x00007ffd6a3d3000 	C:\Program Files\Java\jdk-21\bin\server\jvm.dll
0x00007ffdd8c80000 - 0x00007ffdd8cf1000 	C:\Windows\System32\WS2_32.dll
0x00007ffdd6fd0000 - 0x00007ffdd701d000 	C:\Windows\SYSTEM32\POWRPROF.dll
0x00007ffdcf670000 - 0x00007ffdcf6a4000 	C:\Windows\SYSTEM32\WINMM.dll
0x00007ffdd6fb0000 - 0x00007ffdd6fc3000 	C:\Windows\SYSTEM32\UMPDC.dll
0x00007ffdd6790000 - 0x00007ffdd67a8000 	C:\Windows\SYSTEM32\kernel.appcore.dll
0x00007ffdd2db0000 - 0x00007ffdd2dba000 	C:\Program Files\Java\jdk-21\bin\jimage.dll
0x00007ffdc8fe0000 - 0x00007ffdc920e000 	C:\Windows\SYSTEM32\DBGHELP.DLL
0x00007ffdd9680000 - 0x00007ffdd9a0a000 	C:\Windows\System32\combase.dll
0x00007ffdd9a10000 - 0x00007ffdd9ae7000 	C:\Windows\System32\OLEAUT32.dll
0x00007ffdba8a0000 - 0x00007ffdba8d2000 	C:\Windows\SYSTEM32\dbgcore.DLL
0x00007ffdd7ef0000 - 0x00007ffdd7f6a000 	C:\Windows\System32\bcryptPrimitives.dll
0x00007ffdbd630000 - 0x00007ffdbd64f000 	C:\Program Files\Java\jdk-21\bin\java.dll

dbghelp: loaded successfully - version: 4.0.5 - missing functions: none
symbol engine: initialized successfully - sym options: 0x614 - pdb path: .;C:\Program Files\Java\jdk-21\bin;C:\Windows\SYSTEM32;C:\Windows\WinSxS\amd64_microsoft.windows.common-controls_6595b64144ccf1df_6.0.22621.2361_none_2712ced57382f843;C:\Program Files\Java\jdk-21\bin\server

VM Arguments:
jvm_args: -Dfile.encoding=UTF-8 -Dstdout.encoding=UTF-8 -Dstderr.encoding=UTF-8 -XX:+ShowCodeDetailsInExceptionMessages 
java_command: RentadoraConsola.Consola
java_class_path (initial): C:\Users\erics\OneDrive\Documentos\RentadoraCarros\bin
Launcher Type: SUN_STANDARD

[Global flags]
     intx CICompilerCount                          = 4                                         {product} {ergonomic}
     uint ConcGCThreads                            = 2                                         {product} {ergonomic}
     uint G1ConcRefinementThreads                  = 8                                         {product} {ergonomic}
   size_t G1HeapRegionSize                         = 1048576                                   {product} {ergonomic}
    uintx GCDrainStackTargetSize                   = 64                                        {product} {ergonomic}
   size_t InitialHeapSize                          = 132120576                                 {product} {ergonomic}
   size_t MarkStackSize                            = 4194304                                   {product} {ergonomic}
   size_t MaxHeapSize                              = 2101346304                                {product} {ergonomic}
   size_t MinHeapDeltaBytes                        = 1048576                                   {product} {ergonomic}
   size_t MinHeapSize                              = 8388608                                   {product} {ergonomic}
    uintx NonNMethodCodeHeapSize                   = 5839372                                {pd product} {ergonomic}
    uintx NonProfiledCodeHeapSize                  = 122909434                              {pd product} {ergonomic}
    uintx ProfiledCodeHeapSize                     = 122909434                              {pd product} {ergonomic}
    uintx ReservedCodeCacheSize                    = 251658240                              {pd product} {ergonomic}
     bool SegmentedCodeCache                       = true                                      {product} {ergonomic}
     bool ShowCodeDetailsInExceptionMessages       = true                                   {manageable} {command line}
   size_t SoftMaxHeapSize                          = 2101346304                             {manageable} {ergonomic}
     bool UseCompressedOops                        = true                           {product lp64_product} {ergonomic}
     bool UseG1GC                                  = true                                      {product} {ergonomic}
     bool UseLargePagesIndividualAllocation        = false                                  {pd product} {ergonomic}

Logging:
Log output configuration:
 #0: stdout all=warning uptime,level,tags foldmultilines=false
 #1: stderr all=off uptime,level,tags foldmultilines=false

Environment Variables:
PATH=C:\Program Files\Common Files\Oracle\Java\javapath;C:\Windows\system32;C:\Windows;C:\Windows\System32\Wbem;C:\Windows\System32\WindowsPowerShell\v1.0\;C:\Windows\System32\OpenSSH\;C:\Program Files\Git\cmd;C:\Juegos\;C:\Users\erics\AppData\Local\Programs\Python\Python311\Scripts\;C:\Users\erics\AppData\Local\Programs\Python\Python311\;C:\Users\erics\AppData\Local\Microsoft\WindowsApps;C:\Juegos\Microsoft VS Code\bin;C:\Users\erics\AppData\Roaming\npm;C:\Users\erics\AppData\Local\GitHubDesktop\bin
USERNAME=erics
OS=Windows_NT
PROCESSOR_IDENTIFIER=Intel64 Family 6 Model 142 Stepping 12, GenuineIntel
TMP=C:\Users\erics\AppData\Local\Temp
TEMP=C:\Users\erics\AppData\Local\Temp




---------------  S Y S T E M  ---------------

OS:
 Windows 11 , 64 bit Build 22621 (10.0.22621.2428)
OS uptime: 6 days 19:37 hours

CPU: total 8 (initial active 8) (4 cores per cpu, 2 threads per core) family 6 model 142 stepping 12 microcode 0xde, cx8, cmov, fxsr, ht, mmx, 3dnowpref, sse, sse2, sse3, ssse3, sse4.1, sse4.2, popcnt, lzcnt, tsc, tscinvbit, avx, avx2, aes, erms, clmul, bmi1, bmi2, adx, fma, vzeroupper, clflush, clflushopt, rdtscp, f16c
Processor Information for all 8 processors :
  Max Mhz: 1800, Current Mhz: 1600, Mhz Limit: 1584

Memory: 4k page, system-wide physical 8010M (999M free)
TotalPageFile size 23130M (AvailPageFile size 5M)
current process WorkingSet (physical memory assigned to process): 11M, peak: 11M
current process commit charge ("private bytes"): 186M, peak: 188M

vm_info: Java HotSpot(TM) 64-Bit Server VM (21+35-LTS-2513) for windows-amd64 JRE (21+35-LTS-2513), built on 2023-08-09T20:25:10Z by "mach5one" with MS VC++ 17.1 (VS2022)

END.
